MiniDFSCluster started
MiniDFSCluster started
MiniDFSCluster started
MiniDFSCluster started
MiniDFSCluster started
MiniDFSCluster started
MiniDFSCluster started
MiniDFSCluster started
MiniDFSCluster started
MiniDFSCluster started
MiniDFSCluster started
MiniDFSCluster started
MiniDFSCluster started
MiniDFSCluster started
MiniDFSCluster started
MiniDFSCluster started
MiniDFSCluster started
MiniDFSCluster started
MiniDFSCluster started
MiniDFSCluster started
MiniDFSCluster started
MiniDFSCluster started
MiniDFSCluster started
MiniDFSCluster started
MiniDFSCluster started
MiniDFSCluster started
MiniDFSCluster started
MiniDFSCluster started
MiniDFSCluster started
MiniDFSCluster started
MiniDFSCluster started
MiniDFSCluster started
MiniDFSCluster started
MiniDFSCluster started
MiniDFSCluster started
MiniDFSCluster started
MiniDFSCluster started
MiniDFSCluster started
MiniDFSCluster started
MiniDFSCluster started
MiniDFSCluster started
MiniDFSCluster started
MiniDFSCluster started
MiniDFSCluster started
MiniDFSCluster started
MiniDFSCluster started
MiniDFSCluster started
MiniDFSCluster started
MiniDFSCluster started
MiniDFSCluster started
MiniDFSCluster started
MiniDFSCluster started
MiniDFSCluster started
MiniDFSCluster started
MiniDFSCluster started
MiniDFSCluster started
MiniDFSCluster started
MiniDFSCluster started
MiniDFSCluster started
MiniDFSCluster started
MiniDFSCluster started
MiniDFSCluster started
MiniDFSCluster started
MiniDFSCluster started
MiniDFSCluster started
MiniDFSCluster started
MiniDFSCluster started
MiniDFSCluster started
MiniDFSCluster started
MiniDFSCluster started
MiniDFSCluster started
MiniDFSCluster started
MiniDFSCluster started
MiniDFSCluster started
MiniDFSCluster started
MiniDFSCluster started
MiniDFSCluster started
MiniDFSCluster started
MiniDFSCluster started
MiniDFSCluster started
MiniDFSCluster started
MiniDFSCluster started
MiniDFSCluster started
MiniDFSCluster started
MiniDFSCluster started
MiniDFSCluster started
MiniDFSCluster started
MiniDFSCluster started
MiniDFSCluster started
MiniDFSCluster started
MiniDFSCluster started
MiniDFSCluster started
MiniDFSCluster started
MiniDFSCluster started
MiniDFSCluster started
MiniDFSCluster started
MiniDFSCluster started
MiniDFSCluster started
MiniDFSCluster started
MiniDFSCluster started
MiniDFSCluster started
MiniDFSCluster started
MiniDFSCluster started
MiniDFSCluster started
MiniDFSCluster started
MiniDFSCluster started
MiniDFSCluster started
MiniDFSCluster started
MiniDFSCluster started
MiniDFSCluster started
MiniDFSCluster started
MiniDFSCluster started
MiniDFSCluster started
MiniDFSCluster started
MiniDFSCluster started
MiniDFSCluster started
MiniDFSCluster started
MiniDFSCluster started
MiniDFSCluster started
MiniDFSCluster started
MiniDFSCluster started
MiniDFSCluster started
MiniDFSCluster started
MiniDFSCluster started
MiniDFSCluster started
MiniDFSCluster started
MiniDFSCluster started
MiniDFSCluster started
MiniDFSCluster started
MiniDFSCluster started
MiniDFSCluster started
MiniDFSCluster started
MiniDFSCluster started
MiniDFSCluster started
MiniDFSCluster started
MiniDFSCluster started
MiniDFSCluster started
MiniDFSCluster started
MiniDFSCluster started
MiniDFSCluster started
MiniDFSCluster started
MiniDFSCluster started
MiniDFSCluster started
MiniDFSCluster started
MiniDFSCluster started
MiniDFSCluster started
MiniDFSCluster started
MiniDFSCluster started
MiniDFSCluster started
MiniDFSCluster started
MiniDFSCluster started
MiniDFSCluster started
MiniDFSCluster started
MiniDFSCluster started
MiniDFSCluster started
MiniDFSCluster started
MiniDFSCluster started
MiniDFSCluster started
MiniDFSCluster started
MiniDFSCluster started
MiniDFSCluster started
MiniDFSCluster started
MiniDFSCluster started
MiniDFSCluster started
MiniDFSCluster started
MiniDFSCluster started
MiniDFSCluster started
MiniDFSCluster started
MiniDFSCluster started
MiniDFSCluster started
MiniDFSCluster started
MiniDFSCluster started
MiniDFSCluster started
MiniDFSCluster started
MiniDFSCluster started
MiniDFSCluster started
MiniDFSCluster started
MiniDFSCluster started
MiniDFSCluster started
MiniDFSCluster started
MiniDFSCluster started
MiniDFSCluster started
MiniDFSCluster started
MiniDFSCluster started
MiniDFSCluster started
MiniDFSCluster started
MiniDFSCluster started
MiniDFSCluster started
MiniDFSCluster started
MiniDFSCluster started
MiniDFSCluster started
MiniDFSCluster started
MiniDFSCluster started
MiniDFSCluster started
MiniDFSCluster started
MiniDFSCluster started
MiniDFSCluster started
MiniDFSCluster started
MiniDFSCluster started
MiniDFSCluster started
MiniDFSCluster started
MiniDFSCluster started
MiniDFSCluster started
MiniDFSCluster started
MiniDFSCluster started
MiniDFSCluster started
MiniDFSCluster started
MiniDFSCluster started
MiniDFSCluster started
MiniDFSCluster started
MiniDFSCluster started
MiniDFSCluster started
MiniDFSCluster started
MiniDFSCluster started
MiniDFSCluster started
MiniDFSCluster started
MiniDFSCluster started
MiniDFSCluster started
MiniDFSCluster started
MiniDFSCluster started
MiniDFSCluster started
MiniDFSCluster started
MiniDFSCluster started
MiniDFSCluster started
MiniDFSCluster started
MiniDFSCluster started
MiniDFSCluster started
MiniDFSCluster started
MiniDFSCluster started
MiniDFSCluster started
MiniDFSCluster started
MiniDFSCluster started
MiniDFSCluster started
MiniDFSCluster started
MiniDFSCluster started
MiniDFSCluster started
MiniDFSCluster started
MiniDFSCluster started
MiniDFSCluster started
MiniDFSCluster started
MiniDFSCluster started
MiniDFSCluster started
MiniDFSCluster started
MiniDFSCluster started
MiniDFSCluster started
MiniDFSCluster started
MiniDFSCluster started
MiniDFSCluster started
MiniDFSCluster started
MiniDFSCluster started
MiniDFSCluster started
MiniDFSCluster started
MiniDFSCluster started
MiniDFSCluster started
MiniDFSCluster started
MiniDFSCluster started
MiniDFSCluster started
MiniDFSCluster started
MiniDFSCluster started
MiniDFSCluster started
MiniDFSCluster started
MiniDFSCluster started
MiniDFSCluster started
MiniDFSCluster started
MiniDFSCluster started
MiniDFSCluster started
MiniDFSCluster started
MiniDFSCluster started
MiniDFSCluster started
MiniDFSCluster started
MiniDFSCluster started
MiniDFSCluster started
MiniDFSCluster started
MiniDFSCluster started
MiniDFSCluster started
MiniDFSCluster started
MiniDFSCluster started
MiniDFSCluster started
MiniDFSCluster started
MiniDFSCluster started
MiniDFSCluster started
MiniDFSCluster started
MiniDFSCluster started
MiniDFSCluster started
MiniDFSCluster started
MiniDFSCluster started
MiniDFSCluster started
MiniDFSCluster started
MiniDFSCluster started
MiniDFSCluster started
MiniDFSCluster started
MiniDFSCluster started
MiniDFSCluster started
MiniDFSCluster started
MiniDFSCluster started
MiniDFSCluster started
MiniDFSCluster started
MiniDFSCluster started
MiniDFSCluster started
MiniDFSCluster started
MiniDFSCluster started
MiniDFSCluster started
MiniDFSCluster started
MiniDFSCluster started
MiniDFSCluster started
MiniDFSCluster started
MiniDFSCluster started
MiniDFSCluster started
MiniDFSCluster started
MiniDFSCluster started
MiniDFSCluster started
MiniDFSCluster started
MiniDFSCluster started
java.net.BindException: Address already in use
	at java.base/sun.nio.ch.Net.bind0(Native Method)
	at java.base/sun.nio.ch.Net.bind(Net.java:550)
	at java.base/sun.nio.ch.Net.bind(Net.java:539)
	at java.base/sun.nio.ch.NioSocketImpl.bind(NioSocketImpl.java:643)
	at java.base/java.net.ServerSocket.bind(ServerSocket.java:396)
	at java.base/java.net.ServerSocket.<init>(ServerSocket.java:282)
	at java.base/java.net.ServerSocket.<init>(ServerSocket.java:173)
	at BroadCastClient.main(BroadCastClient.java:15)
MiniDFSCluster started
MiniDFSCluster started
MiniDFSCluster started
MiniDFSCluster started
MiniDFSCluster started
MiniDFSCluster started
MiniDFSCluster started
MiniDFSCluster started
MiniDFSCluster started
MiniDFSCluster started
MiniDFSCluster started
MiniDFSCluster started
MiniDFSCluster started
MiniDFSCluster started
MiniDFSCluster started
MiniDFSCluster started
MiniDFSCluster started
MiniDFSCluster started
MiniDFSCluster started
MiniDFSCluster started
MiniDFSCluster started
MiniDFSCluster started
MiniDFSCluster started
MiniDFSCluster started
MiniDFSCluster started
MiniDFSCluster started
MiniDFSCluster started
MiniDFSCluster started
MiniDFSCluster started
MiniDFSCluster started
MiniDFSCluster started
MiniDFSCluster started
MiniDFSCluster started
MiniDFSCluster started
MiniDFSCluster started
MiniDFSCluster started
MiniDFSCluster started
MiniDFSCluster started
MiniDFSCluster started
MiniDFSCluster started
MiniDFSCluster started
MiniDFSCluster started
MiniDFSCluster started
MiniDFSCluster started
MiniDFSCluster started
MiniDFSCluster started
MiniDFSCluster started
MiniDFSCluster started
MiniDFSCluster started
MiniDFSCluster started
MiniDFSCluster started
MiniDFSCluster started
MiniDFSCluster started
MiniDFSCluster started
MiniDFSCluster started
MiniDFSCluster started
MiniDFSCluster started
MiniDFSCluster started
MiniDFSCluster started
MiniDFSCluster started
MiniDFSCluster started
MiniDFSCluster started
MiniDFSCluster started
MiniDFSCluster started
MiniDFSCluster started
MiniDFSCluster started
MiniDFSCluster started
MiniDFSCluster started
MiniDFSCluster started
MiniDFSCluster started
MiniDFSCluster started
MiniDFSCluster started
MiniDFSCluster started
MiniDFSCluster started
MiniDFSCluster started
MiniDFSCluster started
MiniDFSCluster started
MiniDFSCluster started
MiniDFSCluster started
MiniDFSCluster started
MiniDFSCluster started
MiniDFSCluster started
MiniDFSCluster started
MiniDFSCluster started
MiniDFSCluster started
MiniDFSCluster started
MiniDFSCluster started
MiniDFSCluster started
MiniDFSCluster started
MiniDFSCluster started
MiniDFSCluster started
MiniDFSCluster started
MiniDFSCluster started
MiniDFSCluster started
MiniDFSCluster started
MiniDFSCluster started
MiniDFSCluster started
MiniDFSCluster started
MiniDFSCluster started
MiniDFSCluster started
MiniDFSCluster started
MiniDFSCluster started
MiniDFSCluster started
MiniDFSCluster started
MiniDFSCluster started
MiniDFSCluster started
MiniDFSCluster started
MiniDFSCluster started
MiniDFSCluster started
MiniDFSCluster started
MiniDFSCluster started
MiniDFSCluster started
MiniDFSCluster started
MiniDFSCluster started
MiniDFSCluster started
MiniDFSCluster started
MiniDFSCluster started
MiniDFSCluster started
MiniDFSCluster started
MiniDFSCluster started
MiniDFSCluster started
MiniDFSCluster started
MiniDFSCluster started
MiniDFSCluster started
MiniDFSCluster started
MiniDFSCluster started
MiniDFSCluster started
MiniDFSCluster started
MiniDFSCluster started
MiniDFSCluster started
MiniDFSCluster started
MiniDFSCluster started
MiniDFSCluster started
MiniDFSCluster started
MiniDFSCluster started
MiniDFSCluster started
MiniDFSCluster started
MiniDFSCluster started
MiniDFSCluster started
MiniDFSCluster started
MiniDFSCluster started
MiniDFSCluster started
MiniDFSCluster started
MiniDFSCluster started
MiniDFSCluster started
MiniDFSCluster started
MiniDFSCluster started
MiniDFSCluster started
MiniDFSCluster started
MiniDFSCluster started
MiniDFSCluster started
MiniDFSCluster started
MiniDFSCluster started
MiniDFSCluster started
MiniDFSCluster started
MiniDFSCluster started
MiniDFSCluster started
MiniDFSCluster started
MiniDFSCluster started
MiniDFSCluster started
MiniDFSCluster started
MiniDFSCluster started
MiniDFSCluster started
MiniDFSCluster started
MiniDFSCluster started
MiniDFSCluster started
MiniDFSCluster started
MiniDFSCluster started
MiniDFSCluster started
MiniDFSCluster started
MiniDFSCluster started
MiniDFSCluster started
MiniDFSCluster started
MiniDFSCluster started
MiniDFSCluster started
MiniDFSCluster started
MiniDFSCluster started
MiniDFSCluster started
MiniDFSCluster started
MiniDFSCluster started
MiniDFSCluster started
MiniDFSCluster started
MiniDFSCluster started
MiniDFSCluster started
MiniDFSCluster started
MiniDFSCluster started
MiniDFSCluster started
MiniDFSCluster started
MiniDFSCluster started
MiniDFSCluster started
MiniDFSCluster started
MiniDFSCluster started
MiniDFSCluster started
